Using pre-set license
Built from '2020.2/release' branch; Version is '2020.2.2f1 (068178b99f32) revision 426360'; Using compiler version '192528614'; Build Type 'Release'
OS: 'Windows 10 Pro; OS build 19044.1466; Version 2009; 64bit' Language: 'de' Physical Memory: 16333 MB
BatchMode: 1, IsHumanControllingUs: 0, StartBugReporterOnCrash: 0, Is64bit: 1, IsPro: 0

 COMMAND LINE ARGUMENTS:
C:\Program Files\Unity\Hub\Editor\2020.2.2f1\Editor\Unity.exe
-adb2
-batchMode
-noUpm
-name
AssetImportWorker0
-projectPath
C:/Users/Jakob/Documents/Unity/GitHub/Match3Dimensional
-logFile
Logs/AssetImportWorker0.log
-srvPort
60978
Successfully changed project path to: C:/Users/Jakob/Documents/Unity/GitHub/Match3Dimensional
C:/Users/Jakob/Documents/Unity/GitHub/Match3Dimensional
Using Asset Import Pipeline V2.
Refreshing native plugins compatible for Editor in 86.01 ms, found 8 plugins.
Preloading 1 native plugins for Editor in 1.17 ms.
Initialize engine version: 2020.2.2f1 (068178b99f32)
[Subsystems] Discovering subsystems at path C:/Program Files/Unity/Hub/Editor/2020.2.2f1/Editor/Data/Resources/UnitySubsystems
[Subsystems] Discovering subsystems at path C:/Users/Jakob/Documents/Unity/GitHub/Match3Dimensional/Assets
GfxDevice: creating device client; threaded=0
Direct3D:
    Version:  Direct3D 11.0 [level 11.1]
    Renderer: NVIDIA GeForce RTX 2070 (ID=0x1f07)
    Vendor:   
    VRAM:     8031 MB
    Driver:   30.0.14.9729
Shader 'Universal Render Pipeline/Particles/Lit': fallback shader 'Universal Render Pipeline/Particles/SimpleLit' not found
Initialize mono
Mono path[0] = 'C:/Program Files/Unity/Hub/Editor/2020.2.2f1/Editor/Data/Managed'
Mono path[1] = 'C:/Program Files/Unity/Hub/Editor/2020.2.2f1/Editor/Data/MonoBleedingEdge/lib/mono/unityjit'
Mono config path = 'C:/Program Files/Unity/Hub/Editor/2020.2.2f1/Editor/Data/MonoBleedingEdge/etc'
Using monoOptions --debugger-agent=transport=dt_socket,embedding=1,server=y,suspend=n,address=127.0.0.1:56748
Begin MonoManager ReloadAssembly
Registering precompiled unity dll's ...
Register platform support module: C:/Program Files/Unity/Hub/Editor/2020.2.2f1/Editor/Data/PlaybackEngines/WindowsStandaloneSupport/UnityEditor.WindowsStandalone.Extensions.dll
Registered in 0.003227 seconds.
Native extension for WindowsStandalone target not found
Refreshing native plugins compatible for Editor in 67.21 ms, found 8 plugins.
Preloading 1 native plugins for Editor in 0.14 ms.
Invoked RoslynAnalysisRunner static constructor.
RoslynAnalysisRunner will not be running.
RoslynAnalysisRunner has terminated.
Mono: successfully reloaded assembly
- Completed reload, in  1.676 seconds
Platform modules already initialized, skipping
Registering precompiled user dll's ...
Registered in 0.011195 seconds.
Begin MonoManager ReloadAssembly
Native extension for WindowsStandalone target not found
Refreshing native plugins compatible for Editor in 64.45 ms, found 8 plugins.
Preloading 1 native plugins for Editor in 0.10 ms.
Invoked RoslynAnalysisRunner static constructor.
RoslynAnalysisRunner will not be running.
RoslynAnalysisRunner has terminated.
NullReferenceException: Object reference not set to an instance of an object
  at Unity.XR.Oculus.OculusLoader.AssetPathToAbsolutePath (System.String assetPath) [0x0004c] in C:\Users\Jakob\Documents\Unity\GitHub\Match3Connect_v2\Library\PackageCache\com.unity.xr.oculus@1.6.1\Runtime\OculusLoader.cs:242 
  at Unity.XR.Oculus.OculusLoader.EditorLoadOVRPlugin () [0x000b0] in C:\Users\Jakob\Documents\Unity\GitHub\Match3Connect_v2\Library\PackageCache\com.unity.xr.oculus@1.6.1\Runtime\OculusLoader.cs:227 

(Filename: C:/Users/Jakob/Documents/Unity/GitHub/Match3Connect_v2/Library/PackageCache/com.unity.xr.oculus@1.6.1/Runtime/OculusLoader.cs Line: 242)

Mono: successfully reloaded assembly
- Completed reload, in  1.516 seconds
Platform modules already initialized, skipping
========================================================================
Worker process is ready to serve import requests
Shader 'Universal Render Pipeline/Particles/Lit': fallback shader 'Universal Render Pipeline/Particles/SimpleLit' not found
Launched and connected shader compiler UnityShaderCompiler.exe after 0.05 seconds
Refreshing native plugins compatible for Editor in 1.04 ms, found 8 plugins.
Preloading 1 native plugins for Editor in 0.12 ms.
Unloading 3244 Unused Serialized files (Serialized files now loaded: 0)
System memory in use before: 146.0 MB.
System memory in use after: 146.1 MB.

Unloading 33 unused Assets to reduce memory usage. Loaded Objects now: 3692.
Total: 3.400400 ms (FindLiveObjects: 0.475700 ms CreateObjectMapping: 0.095700 ms MarkObjects: 2.744400 ms  DeleteObjects: 0.083000 ms)

========================================================================
Received Import Request.
  path: Assets/Scripts/Blocks/BlocksManager.cs
  artifactKey: Guid(45f57f40d0ab3ac47adbbc53c34b0fcb) Importer(815301076,1909f56bfc062723c751e8b465ee728b)
Start importing Assets/Scripts/Blocks/BlocksManager.cs using Guid(45f57f40d0ab3ac47adbbc53c34b0fcb) Importer(815301076,1909f56bfc062723c751e8b465ee728b)  -> (artifact id: '4a0c15c67d4b2e7fca2eb8a71773a338') in 0.045266 seconds
  Import took 0.051300 seconds .

========================================================================
Received Import Request.
  Time since last request: 119.498590 seconds.
  path: Assets/Scripts/Blocks/BlocksManager.cs
  artifactKey: Guid(45f57f40d0ab3ac47adbbc53c34b0fcb) Importer(815301076,1909f56bfc062723c751e8b465ee728b)
Start importing Assets/Scripts/Blocks/BlocksManager.cs using Guid(45f57f40d0ab3ac47adbbc53c34b0fcb) Importer(815301076,1909f56bfc062723c751e8b465ee728b)  -> (artifact id: 'e62cbf3ce1869554cbf77d41749e8716') in 0.004138 seconds
  Import took 0.009506 seconds .

========================================================================
Received Import Request.
  Time since last request: 0.007255 seconds.
  path: Assets/Scripts/Blocks/BlocksManager.cs
  artifactKey: Guid(45f57f40d0ab3ac47adbbc53c34b0fcb) Importer(815301076,1909f56bfc062723c751e8b465ee728b)
Start importing Assets/Scripts/Blocks/BlocksManager.cs using Guid(45f57f40d0ab3ac47adbbc53c34b0fcb) Importer(815301076,1909f56bfc062723c751e8b465ee728b)  -> (artifact id: 'e62cbf3ce1869554cbf77d41749e8716') in 0.003613 seconds
  Import took 0.008542 seconds .

========================================================================
Received Prepare
Registering precompiled user dll's ...
Registered in 0.009598 seconds.
Begin MonoManager ReloadAssembly
Native extension for WindowsStandalone target not found
Refreshing native plugins compatible for Editor in 0.83 ms, found 8 plugins.
Preloading 1 native plugins for Editor in 0.11 ms.
Invoked RoslynAnalysisRunner static constructor.
RoslynAnalysisRunner will not be running.
RoslynAnalysisRunner has terminated.
NullReferenceException: Object reference not set to an instance of an object
  at Unity.XR.Oculus.OculusLoader.AssetPathToAbsolutePath (System.String assetPath) [0x0004c] in C:\Users\Jakob\Documents\Unity\GitHub\Match3Connect_v2\Library\PackageCache\com.unity.xr.oculus@1.6.1\Runtime\OculusLoader.cs:242 
  at Unity.XR.Oculus.OculusLoader.EditorLoadOVRPlugin () [0x000b0] in C:\Users\Jakob\Documents\Unity\GitHub\Match3Connect_v2\Library\PackageCache\com.unity.xr.oculus@1.6.1\Runtime\OculusLoader.cs:227 

(Filename: C:/Users/Jakob/Documents/Unity/GitHub/Match3Connect_v2/Library/PackageCache/com.unity.xr.oculus@1.6.1/Runtime/OculusLoader.cs Line: 242)

Mono: successfully reloaded assembly
- Completed reload, in  1.303 seconds
Platform modules already initialized, skipping
Shader 'Universal Render Pipeline/Particles/Lit': fallback shader 'Universal Render Pipeline/Particles/SimpleLit' not found
Refreshing native plugins compatible for Editor in 0.87 ms, found 8 plugins.
Preloading 1 native plugins for Editor in 0.11 ms.
Unloading 3105 Unused Serialized files (Serialized files now loaded: 0)
System memory in use before: 159.1 MB.
System memory in use after: 159.3 MB.

Unloading 27 unused Assets to reduce memory usage. Loaded Objects now: 3695.
Total: 2.934100 ms (FindLiveObjects: 0.331600 ms CreateObjectMapping: 0.085300 ms MarkObjects: 2.484900 ms  DeleteObjects: 0.030700 ms)

========================================================================
Received Prepare
Registering precompiled user dll's ...
Registered in 0.009204 seconds.
Begin MonoManager ReloadAssembly
Native extension for WindowsStandalone target not found
Refreshing native plugins compatible for Editor in 0.85 ms, found 8 plugins.
Preloading 1 native plugins for Editor in 0.11 ms.
Invoked RoslynAnalysisRunner static constructor.
RoslynAnalysisRunner will not be running.
RoslynAnalysisRunner has terminated.
NullReferenceException: Object reference not set to an instance of an object
  at Unity.XR.Oculus.OculusLoader.AssetPathToAbsolutePath (System.String assetPath) [0x0004c] in C:\Users\Jakob\Documents\Unity\GitHub\Match3Connect_v2\Library\PackageCache\com.unity.xr.oculus@1.6.1\Runtime\OculusLoader.cs:242 
  at Unity.XR.Oculus.OculusLoader.EditorLoadOVRPlugin () [0x000b0] in C:\Users\Jakob\Documents\Unity\GitHub\Match3Connect_v2\Library\PackageCache\com.unity.xr.oculus@1.6.1\Runtime\OculusLoader.cs:227 

(Filename: C:/Users/Jakob/Documents/Unity/GitHub/Match3Connect_v2/Library/PackageCache/com.unity.xr.oculus@1.6.1/Runtime/OculusLoader.cs Line: 242)

Mono: successfully reloaded assembly
- Completed reload, in  1.294 seconds
Platform modules already initialized, skipping
Shader 'Universal Render Pipeline/Particles/Lit': fallback shader 'Universal Render Pipeline/Particles/SimpleLit' not found
Refreshing native plugins compatible for Editor in 0.91 ms, found 8 plugins.
Preloading 1 native plugins for Editor in 0.10 ms.
Unloading 3105 Unused Serialized files (Serialized files now loaded: 0)
System memory in use before: 205.4 MB.
System memory in use after: 205.7 MB.

Unloading 27 unused Assets to reduce memory usage. Loaded Objects now: 3698.
Total: 2.953100 ms (FindLiveObjects: 0.342500 ms CreateObjectMapping: 0.081900 ms MarkObjects: 2.484100 ms  DeleteObjects: 0.043300 ms)

========================================================================
Received Import Request.
  Time since last request: 574.960734 seconds.
  path: Assets/Scenes/Menu.unity
  artifactKey: Guid(eae6b834df02c9d46b6912170aefbb0d) Importer(815301076,1909f56bfc062723c751e8b465ee728b)
Start importing Assets/Scenes/Menu.unity using Guid(eae6b834df02c9d46b6912170aefbb0d) Importer(815301076,1909f56bfc062723c751e8b465ee728b)  -> (artifact id: 'fe81f2ddc0672a77a2c2d11f623b2688') in 0.027579 seconds
  Import took 0.033848 seconds .

