Using pre-set license
Built from '2020.2/release' branch; Version is '2020.2.2f1 (068178b99f32) revision 426360'; Using compiler version '192528614'; Build Type 'Release'
OS: 'Windows 10 Pro; OS build 19044.1415; Version 2009; 64bit' Language: 'de' Physical Memory: 16333 MB
BatchMode: 1, IsHumanControllingUs: 0, StartBugReporterOnCrash: 0, Is64bit: 1, IsPro: 0

 COMMAND LINE ARGUMENTS:
C:\Program Files\Unity\Hub\Editor\2020.2.2f1\Editor\Unity.exe
-adb2
-batchMode
-noUpm
-name
AssetImportWorker0
-projectPath
C:/Users/Jakob/Documents/Unity/GitHub/Match3Connect_v2
-logFile
Logs/AssetImportWorker0.log
-srvPort
58835
Successfully changed project path to: C:/Users/Jakob/Documents/Unity/GitHub/Match3Connect_v2
C:/Users/Jakob/Documents/Unity/GitHub/Match3Connect_v2
Using Asset Import Pipeline V2.
Refreshing native plugins compatible for Editor in 72.54 ms, found 8 plugins.
Preloading 1 native plugins for Editor in 1.41 ms.
Initialize engine version: 2020.2.2f1 (068178b99f32)
[Subsystems] Discovering subsystems at path C:/Program Files/Unity/Hub/Editor/2020.2.2f1/Editor/Data/Resources/UnitySubsystems
[Subsystems] Discovering subsystems at path C:/Users/Jakob/Documents/Unity/GitHub/Match3Connect_v2/Assets
GfxDevice: creating device client; threaded=0
Direct3D:
    Version:  Direct3D 11.0 [level 11.1]
    Renderer: NVIDIA GeForce RTX 2070 (ID=0x1f07)
    Vendor:   
    VRAM:     8031 MB
    Driver:   30.0.14.9729
Shader 'Universal Render Pipeline/Particles/Lit': fallback shader 'Universal Render Pipeline/Particles/SimpleLit' not found
Initialize mono
Mono path[0] = 'C:/Program Files/Unity/Hub/Editor/2020.2.2f1/Editor/Data/Managed'
Mono path[1] = 'C:/Program Files/Unity/Hub/Editor/2020.2.2f1/Editor/Data/MonoBleedingEdge/lib/mono/unityjit'
Mono config path = 'C:/Program Files/Unity/Hub/Editor/2020.2.2f1/Editor/Data/MonoBleedingEdge/etc'
Using monoOptions --debugger-agent=transport=dt_socket,embedding=1,server=y,suspend=n,address=127.0.0.1:56764
Begin MonoManager ReloadAssembly
Registering precompiled unity dll's ...
Register platform support module: C:/Program Files/Unity/Hub/Editor/2020.2.2f1/Editor/Data/PlaybackEngines/WindowsStandaloneSupport/UnityEditor.WindowsStandalone.Extensions.dll
Registered in 0.002690 seconds.
Native extension for WindowsStandalone target not found
Refreshing native plugins compatible for Editor in 59.99 ms, found 8 plugins.
Preloading 1 native plugins for Editor in 0.11 ms.
Invoked RoslynAnalysisRunner static constructor.
RoslynAnalysisRunner will not be running.
RoslynAnalysisRunner has terminated.
Mono: successfully reloaded assembly
- Completed reload, in  1.426 seconds
Platform modules already initialized, skipping
Registering precompiled user dll's ...
Registered in 0.009111 seconds.
Begin MonoManager ReloadAssembly
Native extension for WindowsStandalone target not found
Refreshing native plugins compatible for Editor in 63.02 ms, found 8 plugins.
Preloading 1 native plugins for Editor in 0.11 ms.
Invoked RoslynAnalysisRunner static constructor.
RoslynAnalysisRunner will not be running.
RoslynAnalysisRunner has terminated.
NullReferenceException: Object reference not set to an instance of an object
  at Unity.XR.Oculus.OculusLoader.AssetPathToAbsolutePath (System.String assetPath) [0x0004c] in C:\Users\Jakob\Documents\Unity\GitHub\Match3Connect_v2\Library\PackageCache\com.unity.xr.oculus@1.6.1\Runtime\OculusLoader.cs:242 
  at Unity.XR.Oculus.OculusLoader.EditorLoadOVRPlugin () [0x000b0] in C:\Users\Jakob\Documents\Unity\GitHub\Match3Connect_v2\Library\PackageCache\com.unity.xr.oculus@1.6.1\Runtime\OculusLoader.cs:227 

(Filename: Library/PackageCache/com.unity.xr.oculus@1.6.1/Runtime/OculusLoader.cs Line: 242)

Mono: successfully reloaded assembly
- Completed reload, in  1.252 seconds
Platform modules already initialized, skipping
========================================================================
Worker process is ready to serve import requests
Shader 'Universal Render Pipeline/Particles/Lit': fallback shader 'Universal Render Pipeline/Particles/SimpleLit' not found
Launched and connected shader compiler UnityShaderCompiler.exe after 0.06 seconds
Refreshing native plugins compatible for Editor in 0.78 ms, found 8 plugins.
Preloading 1 native plugins for Editor in 0.13 ms.
Unloading 2905 Unused Serialized files (Serialized files now loaded: 0)
System memory in use before: 134.9 MB.
System memory in use after: 134.9 MB.

Unloading 32 unused Assets to reduce memory usage. Loaded Objects now: 3343.
Total: 2.794200 ms (FindLiveObjects: 0.310200 ms CreateObjectMapping: 0.071400 ms MarkObjects: 2.318900 ms  DeleteObjects: 0.092300 ms)

========================================================================
Received Import Request.
  path: Assets/Plugins
  artifactKey: Guid(ab25e84d41aae43409cfb7796174adf1) Importer(815301076,1909f56bfc062723c751e8b465ee728b)
Start importing Assets/Plugins using Guid(ab25e84d41aae43409cfb7796174adf1) Importer(815301076,1909f56bfc062723c751e8b465ee728b)  -> (artifact id: '6758abc62a998d147ff505057495a43f') in 0.011334 seconds
  Import took 0.015951 seconds .

========================================================================
Received Import Request.
  Time since last request: 0.000288 seconds.
  path: Assets/Resources/Materials
  artifactKey: Guid(3cbeeabced4fdf74e8546ed861143f54) Importer(815301076,1909f56bfc062723c751e8b465ee728b)
Start importing Assets/Resources/Materials using Guid(3cbeeabced4fdf74e8546ed861143f54) Importer(815301076,1909f56bfc062723c751e8b465ee728b)  -> (artifact id: '62719403008fbca257443d9e56bc55a0') in 0.007097 seconds
  Import took 0.012389 seconds .

========================================================================
Received Import Request.
  Time since last request: 0.000230 seconds.
  path: Assets/Resources
  artifactKey: Guid(fc9082bf1c6ca304e92a1c68ff7b536b) Importer(815301076,1909f56bfc062723c751e8b465ee728b)
Start importing Assets/Resources using Guid(fc9082bf1c6ca304e92a1c68ff7b536b) Importer(815301076,1909f56bfc062723c751e8b465ee728b)  -> (artifact id: '39a6dae7d18f89b457be3c1bce2bb666') in 0.007153 seconds
  Import took 0.011350 seconds .

========================================================================
Received Import Request.
  Time since last request: 0.000197 seconds.
  path: Assets/Plugins/Demigiant
  artifactKey: Guid(6a126a19e9e1e0d4eb7640fe3f7c0b8a) Importer(815301076,1909f56bfc062723c751e8b465ee728b)
Start importing Assets/Plugins/Demigiant using Guid(6a126a19e9e1e0d4eb7640fe3f7c0b8a) Importer(815301076,1909f56bfc062723c751e8b465ee728b)  -> (artifact id: '9b6c073b5e3c8f79ac57eed675925e7b') in 0.007253 seconds
  Import took 0.011116 seconds .

========================================================================
Received Import Request.
  Time since last request: 3.370494 seconds.
  path: Assets/XR
  artifactKey: Guid(aea04f8411538ac47be53f05edff7193) Importer(815301076,1909f56bfc062723c751e8b465ee728b)
Start importing Assets/XR using Guid(aea04f8411538ac47be53f05edff7193) Importer(815301076,1909f56bfc062723c751e8b465ee728b)  -> (artifact id: '0bc10c382140ba7420578674de7b8b3a') in 0.007192 seconds
  Import took 0.011572 seconds .

========================================================================
Received Import Request.
  Time since last request: 0.255252 seconds.
  path: Assets/XR/Loaders
  artifactKey: Guid(2293119ef7f7bab499e1342ff7d513b0) Importer(815301076,1909f56bfc062723c751e8b465ee728b)
Start importing Assets/XR/Loaders using Guid(2293119ef7f7bab499e1342ff7d513b0) Importer(815301076,1909f56bfc062723c751e8b465ee728b)  -> (artifact id: '145c4277bf856994357c194545baa8da') in 0.006947 seconds
  Import took 0.011327 seconds .

========================================================================
Received Import Request.
  Time since last request: 0.001623 seconds.
  path: Assets/XR/Loaders
  artifactKey: Guid(2293119ef7f7bab499e1342ff7d513b0) Importer(815301076,1909f56bfc062723c751e8b465ee728b)
Start importing Assets/XR/Loaders using Guid(2293119ef7f7bab499e1342ff7d513b0) Importer(815301076,1909f56bfc062723c751e8b465ee728b)  -> (artifact id: '145c4277bf856994357c194545baa8da') in 0.002848 seconds
  Import took 0.007382 seconds .

========================================================================
Received Import Request.
  Time since last request: 0.319574 seconds.
  path: Assets/XR/Settings
  artifactKey: Guid(8bd4d9f7c2b6a9148b3a8445e2854144) Importer(815301076,1909f56bfc062723c751e8b465ee728b)
Start importing Assets/XR/Settings using Guid(8bd4d9f7c2b6a9148b3a8445e2854144) Importer(815301076,1909f56bfc062723c751e8b465ee728b)  -> (artifact id: '77caac989a95196fb815713ebae76eec') in 0.007243 seconds
  Import took 0.011508 seconds .

========================================================================
Received Import Request.
  Time since last request: 2.412278 seconds.
  path: Assets/XR/XRGeneralSettings.asset
  artifactKey: Guid(f170ba25a8f78a442af05e134d4cd7c5) Importer(815301076,1909f56bfc062723c751e8b465ee728b)
Start importing Assets/XR/XRGeneralSettings.asset using Guid(f170ba25a8f78a442af05e134d4cd7c5) Importer(815301076,1909f56bfc062723c751e8b465ee728b)  -> (artifact id: 'a3e8ccd86efc3d2c28cf7c36a5010df8') in 0.037987 seconds
  Import took 0.042458 seconds .

========================================================================
Received Import Request.
  Time since last request: 1.059593 seconds.
  path: Assets/XR/Settings/Oculus Settings.asset
  artifactKey: Guid(a1f024da5042d134eb80264b83728346) Importer(815301076,1909f56bfc062723c751e8b465ee728b)
Start importing Assets/XR/Settings/Oculus Settings.asset using Guid(a1f024da5042d134eb80264b83728346) Importer(815301076,1909f56bfc062723c751e8b465ee728b)  -> (artifact id: 'c6783740e9001d68ec20f45216e01c8a') in 0.008027 seconds
  Import took 0.012419 seconds .

========================================================================
Received Import Request.
  Time since last request: 2.264716 seconds.
  path: Assets/XR/Settings/OpenXR Editor Settings.asset
  artifactKey: Guid(7d3dc2a6389a6de45a3a0245d7ae511d) Importer(815301076,1909f56bfc062723c751e8b465ee728b)
Start importing Assets/XR/Settings/OpenXR Editor Settings.asset using Guid(7d3dc2a6389a6de45a3a0245d7ae511d) Importer(815301076,1909f56bfc062723c751e8b465ee728b)  -> (artifact id: '35e216b22e3655837cb683806e23259a') in 0.008890 seconds
  Import took 0.013235 seconds .

========================================================================
Received Import Request.
  Time since last request: 0.688319 seconds.
  path: Assets/XR/Settings/Open XR Package Settings.asset
  artifactKey: Guid(3de962133631c244caf8e1c059853207) Importer(815301076,1909f56bfc062723c751e8b465ee728b)
Start importing Assets/XR/Settings/Open XR Package Settings.asset using Guid(3de962133631c244caf8e1c059853207) Importer(815301076,1909f56bfc062723c751e8b465ee728b)  -> (artifact id: 'af16062242e217c788ce62849d167829') in 0.019604 seconds
  Import took 0.023911 seconds .

========================================================================
Received Import Request.
  Time since last request: 4.131627 seconds.
  path: Assets/XR/Loaders/Oculus Loader.asset
  artifactKey: Guid(43c6822f5f51457438051b8fe897d13d) Importer(815301076,1909f56bfc062723c751e8b465ee728b)
Start importing Assets/XR/Loaders/Oculus Loader.asset using Guid(43c6822f5f51457438051b8fe897d13d) Importer(815301076,1909f56bfc062723c751e8b465ee728b)  -> (artifact id: 'c979c77b1441bdeec1a5a29af6905365') in 0.007750 seconds
  Import took 0.012212 seconds .

========================================================================
Received Import Request.
  Time since last request: 0.000336 seconds.
  path: Assets/XR/Loaders/Oculus Loader.asset
  artifactKey: Guid(43c6822f5f51457438051b8fe897d13d) Importer(815301076,1909f56bfc062723c751e8b465ee728b)
Start importing Assets/XR/Loaders/Oculus Loader.asset using Guid(43c6822f5f51457438051b8fe897d13d) Importer(815301076,1909f56bfc062723c751e8b465ee728b)  -> (artifact id: 'c979c77b1441bdeec1a5a29af6905365') in 0.004192 seconds
  Import took 0.008454 seconds .

========================================================================
Received Import Request.
  Time since last request: 0.656687 seconds.
  path: Assets/XR/Loaders/Open XR Loader No Pre Init.asset
  artifactKey: Guid(8c576b2d1fafd834e8fe878512c4c488) Importer(815301076,1909f56bfc062723c751e8b465ee728b)
Start importing Assets/XR/Loaders/Open XR Loader No Pre Init.asset using Guid(8c576b2d1fafd834e8fe878512c4c488) Importer(815301076,1909f56bfc062723c751e8b465ee728b)  -> (artifact id: 'fbf7960180bd0277b45c02b3641a9407') in 0.008927 seconds
  Import took 0.013404 seconds .

========================================================================
Received Import Request.
  Time since last request: 0.268858 seconds.
  path: Assets/XR/Loaders/Open XR Loader.asset
  artifactKey: Guid(26d1fc4d7a22c5f419f5d22d5ac5eca8) Importer(815301076,1909f56bfc062723c751e8b465ee728b)
Start importing Assets/XR/Loaders/Open XR Loader.asset using Guid(26d1fc4d7a22c5f419f5d22d5ac5eca8) Importer(815301076,1909f56bfc062723c751e8b465ee728b)  -> (artifact id: 'db23876f667b321067a0e71027336c4d') in 0.008102 seconds
  Import took 0.012528 seconds .

========================================================================
Received Import Request.
  Time since last request: 7.626516 seconds.
  path: Assets/TextMesh Pro
  artifactKey: Guid(f54d1bd14bd3ca042bd867b519fee8cc) Importer(815301076,1909f56bfc062723c751e8b465ee728b)
Start importing Assets/TextMesh Pro using Guid(f54d1bd14bd3ca042bd867b519fee8cc) Importer(815301076,1909f56bfc062723c751e8b465ee728b)  -> (artifact id: '181b0873290938d3100e768dc97d9037') in 0.006880 seconds
  Import took 0.011493 seconds .

========================================================================
Received Import Request.
  Time since last request: 2.265212 seconds.
  path: Assets/Settings
  artifactKey: Guid(0735c275001a2c84dafdb30deced5d8d) Importer(815301076,1909f56bfc062723c751e8b465ee728b)
Start importing Assets/Settings using Guid(0735c275001a2c84dafdb30deced5d8d) Importer(815301076,1909f56bfc062723c751e8b465ee728b)  -> (artifact id: '552dad169b970667aadf8f1066b21b96') in 0.003033 seconds
  Import took 0.007512 seconds .

========================================================================
Received Import Request.
  Time since last request: 2.311336 seconds.
  path: Assets/Settings/SampleSceneProfile.asset
  artifactKey: Guid(10fc4df2da32a41aaa32d77bc913491c) Importer(815301076,1909f56bfc062723c751e8b465ee728b)
Start importing Assets/Settings/SampleSceneProfile.asset using Guid(10fc4df2da32a41aaa32d77bc913491c) Importer(815301076,1909f56bfc062723c751e8b465ee728b)  -> (artifact id: '78a96353ebdf9101a0fa586f6cb9353d') in 0.017277 seconds
  Import took 0.021687 seconds .

========================================================================
Received Import Request.
  Time since last request: 0.003583 seconds.
  path: Assets/Settings/SampleSceneProfile.asset
  artifactKey: Guid(10fc4df2da32a41aaa32d77bc913491c) Importer(815301076,1909f56bfc062723c751e8b465ee728b)
Start importing Assets/Settings/SampleSceneProfile.asset using Guid(10fc4df2da32a41aaa32d77bc913491c) Importer(815301076,1909f56bfc062723c751e8b465ee728b)  -> (artifact id: '78a96353ebdf9101a0fa586f6cb9353d') in 0.004015 seconds
  Import took 0.008397 seconds .

========================================================================
Received Import Request.
  Time since last request: 0.464641 seconds.
  path: Assets/Settings/UniversalRP-HighQuality.asset
  artifactKey: Guid(19ba41d7c0026c3459d37c2fe90c55a0) Importer(815301076,1909f56bfc062723c751e8b465ee728b)
Start importing Assets/Settings/UniversalRP-HighQuality.asset using Guid(19ba41d7c0026c3459d37c2fe90c55a0) Importer(815301076,1909f56bfc062723c751e8b465ee728b)  -> (artifact id: 'b0447596312b88088079a7bdcf6d5e55') in 0.007824 seconds
  Import took 0.012197 seconds .

========================================================================
Received Import Request.
  Time since last request: 0.004041 seconds.
  path: Assets/Settings/UniversalRP-HighQuality.asset
  artifactKey: Guid(19ba41d7c0026c3459d37c2fe90c55a0) Importer(815301076,1909f56bfc062723c751e8b465ee728b)
Start importing Assets/Settings/UniversalRP-HighQuality.asset using Guid(19ba41d7c0026c3459d37c2fe90c55a0) Importer(815301076,1909f56bfc062723c751e8b465ee728b)  -> (artifact id: 'b0447596312b88088079a7bdcf6d5e55') in 0.003722 seconds
  Import took 0.008107 seconds .

========================================================================
Received Import Request.
  Time since last request: 6.672613 seconds.
  path: Assets
  artifactKey: Guid(00000000000000001000000000000000) Importer(815301076,1909f56bfc062723c751e8b465ee728b)
Start importing Assets using Guid(00000000000000001000000000000000) Importer(815301076,1909f56bfc062723c751e8b465ee728b)  -> (artifact id: '4a6e520b92ccfc61bcfa21a7bcab8468') in 0.006973 seconds
  Import took 0.011493 seconds .

========================================================================
Received Import Request.
  Time since last request: 2.095041 seconds.
  path: Assets/Resources/Prefabs/Blocks/VBomb
  artifactKey: Guid(b9f39c7299a399e43845b9426895ede4) Importer(815301076,1909f56bfc062723c751e8b465ee728b)
Start importing Assets/Resources/Prefabs/Blocks/VBomb using Guid(b9f39c7299a399e43845b9426895ede4) Importer(815301076,1909f56bfc062723c751e8b465ee728b)  -> (artifact id: '6febc5c2541afbfb5d35e5684e655fdf') in 0.009315 seconds
  Import took 0.013583 seconds .

========================================================================
Received Import Request.
  Time since last request: 0.559922 seconds.
  path: Assets/Resources/Shaders
  artifactKey: Guid(3145bb952eb76074ba05ee2b11cc24cc) Importer(815301076,1909f56bfc062723c751e8b465ee728b)
Start importing Assets/Resources/Shaders using Guid(3145bb952eb76074ba05ee2b11cc24cc) Importer(815301076,1909f56bfc062723c751e8b465ee728b)  -> (artifact id: '420e95d036fd2c1e892cbc8e72991720') in 0.008967 seconds
  Import took 0.013237 seconds .

========================================================================
Received Import Request.
  Time since last request: 2.695568 seconds.
  path: Assets/Resources/Prefabs
  artifactKey: Guid(333718fa8422e6e44b8572a041d2cbe1) Importer(815301076,1909f56bfc062723c751e8b465ee728b)
Start importing Assets/Resources/Prefabs using Guid(333718fa8422e6e44b8572a041d2cbe1) Importer(815301076,1909f56bfc062723c751e8b465ee728b)  -> (artifact id: '0dc911671aa3c432874b4401fc358cd4') in 0.007498 seconds
  Import took 0.012019 seconds .

========================================================================
Received Import Request.
  Time since last request: 2.054137 seconds.
  path: Assets/Resources/Models
  artifactKey: Guid(32b895475fe24464491127190d223a85) Importer(815301076,1909f56bfc062723c751e8b465ee728b)
Start importing Assets/Resources/Models using Guid(32b895475fe24464491127190d223a85) Importer(815301076,1909f56bfc062723c751e8b465ee728b)  -> (artifact id: 'be6b59ee47e4c42fb2fc6c8f476837c7') in 0.007251 seconds
  Import took 0.011824 seconds .

========================================================================
Received Import Request.
  Time since last request: 0.000529 seconds.
  path: Assets/Resources/Models
  artifactKey: Guid(32b895475fe24464491127190d223a85) Importer(815301076,1909f56bfc062723c751e8b465ee728b)
Start importing Assets/Resources/Models using Guid(32b895475fe24464491127190d223a85) Importer(815301076,1909f56bfc062723c751e8b465ee728b)  -> (artifact id: 'be6b59ee47e4c42fb2fc6c8f476837c7') in 0.002819 seconds
  Import took 0.007232 seconds .

========================================================================
Received Import Request.
  Time since last request: 3.974677 seconds.
  path: Assets/SampleAssets
  artifactKey: Guid(1981bf2afb59dde429107756d1b01fc4) Importer(815301076,1909f56bfc062723c751e8b465ee728b)
Start importing Assets/SampleAssets using Guid(1981bf2afb59dde429107756d1b01fc4) Importer(815301076,1909f56bfc062723c751e8b465ee728b)  -> (artifact id: '7a5b9f710c072c74b76a17c5193376fb') in 0.006546 seconds
  Import took 0.011229 seconds .

========================================================================
Received Import Request.
  Time since last request: 0.009640 seconds.
  path: Assets/SampleAssets
  artifactKey: Guid(1981bf2afb59dde429107756d1b01fc4) Importer(815301076,1909f56bfc062723c751e8b465ee728b)
Start importing Assets/SampleAssets using Guid(1981bf2afb59dde429107756d1b01fc4) Importer(815301076,1909f56bfc062723c751e8b465ee728b)  -> (artifact id: '7a5b9f710c072c74b76a17c5193376fb') in 0.003538 seconds
  Import took 0.007898 seconds .

========================================================================
Received Import Request.
  Time since last request: 0.255996 seconds.
  path: Assets/SampleAssets/ExampleAssets
  artifactKey: Guid(990f5c2df70993f4987a388ca178996a) Importer(815301076,1909f56bfc062723c751e8b465ee728b)
Start importing Assets/SampleAssets/ExampleAssets using Guid(990f5c2df70993f4987a388ca178996a) Importer(815301076,1909f56bfc062723c751e8b465ee728b)  -> (artifact id: 'fe890366a868d01b6d95d6b65a2f580f') in 0.008036 seconds
  Import took 0.012422 seconds .

========================================================================
Received Import Request.
  Time since last request: 1.164630 seconds.
  path: Assets/SampleAssets/ExampleAssets/Materials
  artifactKey: Guid(ffd318dbb37362c4f8d87863d082b2fd) Importer(815301076,1909f56bfc062723c751e8b465ee728b)
Start importing Assets/SampleAssets/ExampleAssets/Materials using Guid(ffd318dbb37362c4f8d87863d082b2fd) Importer(815301076,1909f56bfc062723c751e8b465ee728b)  -> (artifact id: 'f94536fea9427953395bc9c29163c7f7') in 0.003581 seconds
  Import took 0.007852 seconds .

========================================================================
Received Import Request.
  Time since last request: 0.239671 seconds.
  path: Assets/SampleAssets/ExampleAssets/Models
  artifactKey: Guid(aa97895f3852bd44399ef0893bec4f5e) Importer(815301076,1909f56bfc062723c751e8b465ee728b)
Start importing Assets/SampleAssets/ExampleAssets/Models using Guid(aa97895f3852bd44399ef0893bec4f5e) Importer(815301076,1909f56bfc062723c751e8b465ee728b)  -> (artifact id: '4bfe168ac853dc9168b3ee86321ddbba') in 0.002872 seconds
  Import took 0.007634 seconds .

========================================================================
Received Import Request.
  Time since last request: 0.294447 seconds.
  path: Assets/SampleAssets/ExampleAssets/Prefabs
  artifactKey: Guid(5e04804d4b233d04d92ef41852c3f676) Importer(815301076,1909f56bfc062723c751e8b465ee728b)
Start importing Assets/SampleAssets/ExampleAssets/Prefabs using Guid(5e04804d4b233d04d92ef41852c3f676) Importer(815301076,1909f56bfc062723c751e8b465ee728b)  -> (artifact id: '673b66f1848c1a6673e7164f0f30c4d2') in 0.002821 seconds
  Import took 0.007306 seconds .

========================================================================
Received Import Request.
  Time since last request: 0.208150 seconds.
  path: Assets/SampleAssets/ExampleAssets/Shaders
  artifactKey: Guid(eb6819cbd279a3941a65f1689b2f621e) Importer(815301076,1909f56bfc062723c751e8b465ee728b)
Start importing Assets/SampleAssets/ExampleAssets/Shaders using Guid(eb6819cbd279a3941a65f1689b2f621e) Importer(815301076,1909f56bfc062723c751e8b465ee728b)  -> (artifact id: '811934236cd2c0191ff3abb42df7774f') in 0.002787 seconds
  Import took 0.007109 seconds .

========================================================================
Received Import Request.
  Time since last request: 4.821657 seconds.
  path: Assets/SampleAssets/ExampleAssets/Prefabs/Workshop Set.prefab
  artifactKey: Guid(a87f0180d46fd334b9025d0314a0dc70) Importer(815301076,1909f56bfc062723c751e8b465ee728b)
Start importing Assets/SampleAssets/ExampleAssets/Prefabs/Workshop Set.prefab using Guid(a87f0180d46fd334b9025d0314a0dc70) Importer(815301076,1909f56bfc062723c751e8b465ee728b)  -> (artifact id: '1cbdfcbe975d2a2291ab98b20ed36588') in 0.880390 seconds
  Import took 0.885480 seconds .

========================================================================
Received Import Request.
  Time since last request: 0.103851 seconds.
  path: Assets/SampleAssets/ExampleAssets/Prefabs/Workbench_LOD1.prefab
  artifactKey: Guid(38d5ecfa2b93c4095b4cc5d4a590e676) Importer(815301076,1909f56bfc062723c751e8b465ee728b)
Start importing Assets/SampleAssets/ExampleAssets/Prefabs/Workbench_LOD1.prefab using Guid(38d5ecfa2b93c4095b4cc5d4a590e676) Importer(815301076,1909f56bfc062723c751e8b465ee728b)  -> (artifact id: 'f6c91534b89641cb96ea67e2d23e2fa4') in 0.026805 seconds
  Import took 0.031602 seconds .

========================================================================
Received Import Request.
  Time since last request: 0.331402 seconds.
  path: Assets/SampleAssets/ExampleAssets/Prefabs/Workbench_LOD0.prefab
  artifactKey: Guid(c0adcaeba3022437293536832628fdf8) Importer(815301076,1909f56bfc062723c751e8b465ee728b)
Start importing Assets/SampleAssets/ExampleAssets/Prefabs/Workbench_LOD0.prefab using Guid(c0adcaeba3022437293536832628fdf8) Importer(815301076,1909f56bfc062723c751e8b465ee728b)  -> (artifact id: 'c23e3178d2a76f41ef8429ecd49d6c6d') in 0.023403 seconds
  Import took 0.028236 seconds .

========================================================================
Received Import Request.
  Time since last request: 0.200114 seconds.
  path: Assets/SampleAssets/ExampleAssets/Prefabs/Workbench.prefab
  artifactKey: Guid(8850d132797ff49298ba781e8e1c9bfe) Importer(815301076,1909f56bfc062723c751e8b465ee728b)
Start importing Assets/SampleAssets/ExampleAssets/Prefabs/Workbench.prefab using Guid(8850d132797ff49298ba781e8e1c9bfe) Importer(815301076,1909f56bfc062723c751e8b465ee728b)  -> (artifact id: 'abf8ff9c4fda360e9812debb302fedfe') in 0.275815 seconds
  Import took 0.282463 seconds .

========================================================================
Received Import Request.
  Time since last request: 0.064009 seconds.
  path: Assets/SampleAssets/ExampleAssets/Prefabs/Props.prefab
  artifactKey: Guid(85dfab9623c67784fa7894de63cd1604) Importer(815301076,1909f56bfc062723c751e8b465ee728b)
Start importing Assets/SampleAssets/ExampleAssets/Prefabs/Props.prefab using Guid(85dfab9623c67784fa7894de63cd1604) Importer(815301076,1909f56bfc062723c751e8b465ee728b)  -> (artifact id: '5c6ef649007a799ccc3d9b336beb9959') in 1.465630 seconds
  Import took 1.471166 seconds .

========================================================================
Received Import Request.
  Time since last request: 2.395152 seconds.
  path: Assets/SampleAssets/ExampleAssets/Shaders/Paint1G_WAnim_Shader.ShaderGraph
  artifactKey: Guid(5e5eca56e1993e741b41ac9c687d01a5) Importer(815301076,1909f56bfc062723c751e8b465ee728b)
Start importing Assets/SampleAssets/ExampleAssets/Shaders/Paint1G_WAnim_Shader.ShaderGraph using Guid(5e5eca56e1993e741b41ac9c687d01a5) Importer(815301076,1909f56bfc062723c751e8b465ee728b)  -> (artifact id: 'ed2ce4b758bc8b15a338459ede995a8a') in 0.008762 seconds
  Import took 0.013084 seconds .

========================================================================
Received Import Request.
  Time since last request: 0.002063 seconds.
  path: Assets/SampleAssets/ExampleAssets/Shaders/Paint1G_WAnim_Shader.ShaderGraph
  artifactKey: Guid(5e5eca56e1993e741b41ac9c687d01a5) Importer(815301076,1909f56bfc062723c751e8b465ee728b)
Start importing Assets/SampleAssets/ExampleAssets/Shaders/Paint1G_WAnim_Shader.ShaderGraph using Guid(5e5eca56e1993e741b41ac9c687d01a5) Importer(815301076,1909f56bfc062723c751e8b465ee728b)  -> (artifact id: 'ed2ce4b758bc8b15a338459ede995a8a') in 0.003140 seconds
  Import took 0.007146 seconds .

========================================================================
Received Import Request.
  Time since last request: 0.904411 seconds.
  path: Assets/SampleAssets/ExampleAssets/Textures
  artifactKey: Guid(1cc500c8cdb999142b9017ebf0cf407d) Importer(815301076,1909f56bfc062723c751e8b465ee728b)
Start importing Assets/SampleAssets/ExampleAssets/Textures using Guid(1cc500c8cdb999142b9017ebf0cf407d) Importer(815301076,1909f56bfc062723c751e8b465ee728b)  -> (artifact id: 'fab5b463a41179ca7d6c2845e50cc6b6') in 0.006808 seconds
  Import took 0.011173 seconds .

========================================================================
Received Import Request.
  Time since last request: 0.629786 seconds.
  path: Assets/SampleAssets/ExampleAssets/Textures/Concrete
  artifactKey: Guid(47c259102c9296845a85c9d7207b82f2) Importer(815301076,1909f56bfc062723c751e8b465ee728b)
Start importing Assets/SampleAssets/ExampleAssets/Textures/Concrete using Guid(47c259102c9296845a85c9d7207b82f2) Importer(815301076,1909f56bfc062723c751e8b465ee728b)  -> (artifact id: '4ac5daa8bced480ca2d0c6fd58b186ce') in 0.007411 seconds
  Import took 0.011809 seconds .

========================================================================
Received Import Request.
  Time since last request: 0.460316 seconds.
  path: Assets/SampleAssets/ExampleAssets/Textures/Drywall
  artifactKey: Guid(0389f6104fd857940908a1705ab749f3) Importer(815301076,1909f56bfc062723c751e8b465ee728b)
Start importing Assets/SampleAssets/ExampleAssets/Textures/Drywall using Guid(0389f6104fd857940908a1705ab749f3) Importer(815301076,1909f56bfc062723c751e8b465ee728b)  -> (artifact id: '41d7f0171f42e6c8be3bc46ed8a120f6') in 0.006946 seconds
  Import took 0.011186 seconds .

========================================================================
Received Import Request.
  Time since last request: 0.203764 seconds.
  path: Assets/SampleAssets/ExampleAssets/Textures/Metal
  artifactKey: Guid(c805204817006b648aa2d0cb8f7861d8) Importer(815301076,1909f56bfc062723c751e8b465ee728b)
Start importing Assets/SampleAssets/ExampleAssets/Textures/Metal using Guid(c805204817006b648aa2d0cb8f7861d8) Importer(815301076,1909f56bfc062723c751e8b465ee728b)  -> (artifact id: 'f4ef067e7c86e03267eda3d26ccb5800') in 0.007213 seconds
  Import took 0.011696 seconds .

========================================================================
Received Import Request.
  Time since last request: 0.205319 seconds.
  path: Assets/SampleAssets/ExampleAssets/Textures/Plastic
  artifactKey: Guid(64d6ecb2a87dd444b85a7ff79b149c04) Importer(815301076,1909f56bfc062723c751e8b465ee728b)
Start importing Assets/SampleAssets/ExampleAssets/Textures/Plastic using Guid(64d6ecb2a87dd444b85a7ff79b149c04) Importer(815301076,1909f56bfc062723c751e8b465ee728b)  -> (artifact id: '69a564f85b945f825f5ea6e296f3bd2b') in 0.006974 seconds
  Import took 0.011356 seconds .

========================================================================
Received Import Request.
  Time since last request: 0.213294 seconds.
  path: Assets/SampleAssets/ExampleAssets/Textures/Props
  artifactKey: Guid(abf7b1f1f7dfcba4c9243d4679f56e71) Importer(815301076,1909f56bfc062723c751e8b465ee728b)
Start importing Assets/SampleAssets/ExampleAssets/Textures/Props using Guid(abf7b1f1f7dfcba4c9243d4679f56e71) Importer(815301076,1909f56bfc062723c751e8b465ee728b)  -> (artifact id: '6e53e17f70a03d7b44bb3fbb833c4072') in 0.002816 seconds
  Import took 0.007184 seconds .

========================================================================
Received Import Request.
  Time since last request: 4.489350 seconds.
  path: Assets/SampleAssets/Materials
  artifactKey: Guid(d0234ba368eeec9418390da711bfdad0) Importer(815301076,1909f56bfc062723c751e8b465ee728b)
Start importing Assets/SampleAssets/Materials using Guid(d0234ba368eeec9418390da711bfdad0) Importer(815301076,1909f56bfc062723c751e8b465ee728b)  -> (artifact id: '413cda31201d7d9b57768a8c614170a7') in 0.002765 seconds
  Import took 0.007080 seconds .

========================================================================
Received Import Request.
  Time since last request: 1.192821 seconds.
  path: Assets/SampleAssets/Presets
  artifactKey: Guid(558255460b74ec04fa70b5570e9327bd) Importer(815301076,1909f56bfc062723c751e8b465ee728b)
Start importing Assets/SampleAssets/Presets using Guid(558255460b74ec04fa70b5570e9327bd) Importer(815301076,1909f56bfc062723c751e8b465ee728b)  -> (artifact id: 'bf2bfc628210a2a17c4169849cdbaa21') in 0.006794 seconds
  Import took 0.011128 seconds .

========================================================================
Received Import Request.
  Time since last request: 0.427606 seconds.
  path: Assets/SampleAssets/Presets/Defaults
  artifactKey: Guid(71ea82b02df99c2439e0dc8e4e1ebc24) Importer(815301076,1909f56bfc062723c751e8b465ee728b)
Start importing Assets/SampleAssets/Presets/Defaults using Guid(71ea82b02df99c2439e0dc8e4e1ebc24) Importer(815301076,1909f56bfc062723c751e8b465ee728b)  -> (artifact id: '0994e0aceab632e89359f9aafeaeac19') in 0.007628 seconds
  Import took 0.011980 seconds .

========================================================================
Received Import Request.
  Time since last request: 0.479488 seconds.
  path: Assets/SampleAssets/Presets/AudioCompressedInMemory.preset
  artifactKey: Guid(2dd802e4d37c65149922028d3e973832) Importer(815301076,1909f56bfc062723c751e8b465ee728b)
Start importing Assets/SampleAssets/Presets/AudioCompressedInMemory.preset using Guid(2dd802e4d37c65149922028d3e973832) Importer(815301076,1909f56bfc062723c751e8b465ee728b)  -> (artifact id: '27602409d340cb2a126da1e6a097890b') in 0.008969 seconds
  Import took 0.013335 seconds .

========================================================================
Received Import Request.
  Time since last request: 0.006910 seconds.
  path: Assets/SampleAssets/Presets/AudioCompressedInMemory.preset
  artifactKey: Guid(2dd802e4d37c65149922028d3e973832) Importer(815301076,1909f56bfc062723c751e8b465ee728b)
Start importing Assets/SampleAssets/Presets/AudioCompressedInMemory.preset using Guid(2dd802e4d37c65149922028d3e973832) Importer(815301076,1909f56bfc062723c751e8b465ee728b)  -> (artifact id: '27602409d340cb2a126da1e6a097890b') in 0.004272 seconds
  Import took 0.008818 seconds .

========================================================================
Received Import Request.
  Time since last request: 0.150892 seconds.
  path: Assets/SampleAssets/Presets/AudioStreaming.preset
  artifactKey: Guid(86bcce7f5575b54408aa0f3a7d321039) Importer(815301076,1909f56bfc062723c751e8b465ee728b)
Start importing Assets/SampleAssets/Presets/AudioStreaming.preset using Guid(86bcce7f5575b54408aa0f3a7d321039) Importer(815301076,1909f56bfc062723c751e8b465ee728b)  -> (artifact id: '96cfd9d51b669452d58d90d7bfc4fc22') in 0.007840 seconds
  Import took 0.012440 seconds .

========================================================================
Received Import Request.
  Time since last request: 0.231196 seconds.
  path: Assets/SampleAssets/Presets/NormalTexture.preset
  artifactKey: Guid(14a57cf3b9fa1c74b884aa7e0dcf1faa) Importer(815301076,1909f56bfc062723c751e8b465ee728b)
Start importing Assets/SampleAssets/Presets/NormalTexture.preset using Guid(14a57cf3b9fa1c74b884aa7e0dcf1faa) Importer(815301076,1909f56bfc062723c751e8b465ee728b)  -> (artifact id: 'd9729ea580ddd9f9050819d274be7823') in 0.008734 seconds
  Import took 0.013202 seconds .

========================================================================
Received Import Request.
  Time since last request: 0.044800 seconds.
  path: Assets/SampleAssets/Presets/NormalTexture.preset
  artifactKey: Guid(14a57cf3b9fa1c74b884aa7e0dcf1faa) Importer(815301076,1909f56bfc062723c751e8b465ee728b)
Start importing Assets/SampleAssets/Presets/NormalTexture.preset using Guid(14a57cf3b9fa1c74b884aa7e0dcf1faa) Importer(815301076,1909f56bfc062723c751e8b465ee728b)  -> (artifact id: 'd9729ea580ddd9f9050819d274be7823') in 0.005490 seconds
  Import took 0.010073 seconds .

========================================================================
Received Import Request.
  Time since last request: 0.236977 seconds.
  path: Assets/SampleAssets/Presets/UtilityTexture.preset
  artifactKey: Guid(45f7b2e3c78185248b3adbb14429c2ab) Importer(815301076,1909f56bfc062723c751e8b465ee728b)
Start importing Assets/SampleAssets/Presets/UtilityTexture.preset using Guid(45f7b2e3c78185248b3adbb14429c2ab) Importer(815301076,1909f56bfc062723c751e8b465ee728b)  -> (artifact id: '35d202bbf037a30b620286431e839699') in 0.008947 seconds
  Import took 0.013719 seconds .

========================================================================
Received Import Request.
  Time since last request: 53.626721 seconds.
  path: Assets/InputSystem.inputsettings.asset
  artifactKey: Guid(06268fd1f6767964f9617ac63de6248a) Importer(815301076,1909f56bfc062723c751e8b465ee728b)
Start importing Assets/InputSystem.inputsettings.asset using Guid(06268fd1f6767964f9617ac63de6248a) Importer(815301076,1909f56bfc062723c751e8b465ee728b)  -> (artifact id: '09e5be6a99b66a96b9e244b5da1f0881') in 0.008086 seconds
  Import took 0.012523 seconds .

========================================================================
Received Import Request.
  Time since last request: 101.193182 seconds.
  path: Assets/Samples/OpenXR Plugin/1.1.1/Controller
  artifactKey: Guid(791d0a1d28533654e8afff5f1c0b4bfd) Importer(815301076,1909f56bfc062723c751e8b465ee728b)
Start importing Assets/Samples/OpenXR Plugin/1.1.1/Controller using Guid(791d0a1d28533654e8afff5f1c0b4bfd) Importer(815301076,1909f56bfc062723c751e8b465ee728b)  -> (artifact id: 'c598bef8db4b49f5b64e982edd381b95') in 0.007043 seconds
  Import took 0.011695 seconds .

========================================================================
Received Import Request.
  Time since last request: 36.585655 seconds.
  path: Assets/Samples/OpenXR Plugin/1.1.1
  artifactKey: Guid(6f3a01222a7f07649b63051e8504a8fb) Importer(815301076,1909f56bfc062723c751e8b465ee728b)
Start importing Assets/Samples/OpenXR Plugin/1.1.1 using Guid(6f3a01222a7f07649b63051e8504a8fb) Importer(815301076,1909f56bfc062723c751e8b465ee728b)  -> (artifact id: '7485250f377444e6d80db1b93ef9b79c') in 0.007846 seconds
  Import took 0.012278 seconds .

========================================================================
Received Import Request.
  Time since last request: 0.880923 seconds.
  path: Assets/Samples/OpenXR Plugin
  artifactKey: Guid(0184ba9115e747b4fa84cd58a8ea3998) Importer(815301076,1909f56bfc062723c751e8b465ee728b)
Start importing Assets/Samples/OpenXR Plugin using Guid(0184ba9115e747b4fa84cd58a8ea3998) Importer(815301076,1909f56bfc062723c751e8b465ee728b)  -> (artifact id: '3ad24ded22a3c4607d84728dada33ab1') in 0.007192 seconds
  Import took 0.011501 seconds .

========================================================================
Received Import Request.
  Time since last request: 1.041346 seconds.
  path: Assets/Samples/OpenXR Plugin/1.1.1/Controller/ActionMap
  artifactKey: Guid(1d0c39e584dadb748af03e40363d20a5) Importer(815301076,1909f56bfc062723c751e8b465ee728b)
Start importing Assets/Samples/OpenXR Plugin/1.1.1/Controller/ActionMap using Guid(1d0c39e584dadb748af03e40363d20a5) Importer(815301076,1909f56bfc062723c751e8b465ee728b)  -> (artifact id: '1b1a8ee90137297de6f4ce1a95881199') in 0.006689 seconds
  Import took 0.011141 seconds .

========================================================================
Received Import Request.
  Time since last request: 0.240554 seconds.
  path: Assets/Samples/OpenXR Plugin/1.1.1/Controller/Materials
  artifactKey: Guid(61f8c3bd2eeb6d5489c7d1c2890ec3c3) Importer(815301076,1909f56bfc062723c751e8b465ee728b)
Start importing Assets/Samples/OpenXR Plugin/1.1.1/Controller/Materials using Guid(61f8c3bd2eeb6d5489c7d1c2890ec3c3) Importer(815301076,1909f56bfc062723c751e8b465ee728b)  -> (artifact id: '92aec8ee77e376bb09e834a31c8be877') in 0.006685 seconds
  Import took 0.011137 seconds .

========================================================================
Received Import Request.
  Time since last request: 0.839128 seconds.
  path: Assets/Samples/OpenXR Plugin/1.1.1/Controller/ActionMap/InputActions.inputactions
  artifactKey: Guid(e0ca4504471ca124088e1e2cfe6804ae) Importer(815301076,1909f56bfc062723c751e8b465ee728b)
Start importing Assets/Samples/OpenXR Plugin/1.1.1/Controller/ActionMap/InputActions.inputactions using Guid(e0ca4504471ca124088e1e2cfe6804ae) Importer(815301076,1909f56bfc062723c751e8b465ee728b)  -> (artifact id: '3f556a4bd606e0c6e86330d4eac17bf9') in 0.024007 seconds
  Import took 0.028686 seconds .

========================================================================
Received Import Request.
  Time since last request: 2.266649 seconds.
  path: Assets/Samples/OpenXR Plugin/1.1.1/Controller/Models
  artifactKey: Guid(9ae1b41407a2d734c96ed160efbc06d2) Importer(815301076,1909f56bfc062723c751e8b465ee728b)
Start importing Assets/Samples/OpenXR Plugin/1.1.1/Controller/Models using Guid(9ae1b41407a2d734c96ed160efbc06d2) Importer(815301076,1909f56bfc062723c751e8b465ee728b)  -> (artifact id: '4de2bd65f04892ad01d9fe1768a1c54a') in 0.006308 seconds
  Import took 0.010728 seconds .

========================================================================
Received Import Request.
  Time since last request: 0.878803 seconds.
  path: Assets/Samples/OpenXR Plugin/1.1.1/Controller/Models/Cone.fbx
  artifactKey: Guid(fa14a214e9ffb1a42850851e0ad9db52) Importer(815301076,1909f56bfc062723c751e8b465ee728b)
Start importing Assets/Samples/OpenXR Plugin/1.1.1/Controller/Models/Cone.fbx using Guid(fa14a214e9ffb1a42850851e0ad9db52) Importer(815301076,1909f56bfc062723c751e8b465ee728b)  -> (artifact id: 'bc480668fce56da84e6f76364448c011') in 0.378300 seconds
  Import took 0.383296 seconds .

========================================================================
Received Import Request.
  Time since last request: 0.399497 seconds.
  path: Assets/Samples/OpenXR Plugin/1.1.1/Controller/Prefabs
  artifactKey: Guid(4d44d6df0f2065a4b9af0f9ca5876bc0) Importer(815301076,1909f56bfc062723c751e8b465ee728b)
Start importing Assets/Samples/OpenXR Plugin/1.1.1/Controller/Prefabs using Guid(4d44d6df0f2065a4b9af0f9ca5876bc0) Importer(815301076,1909f56bfc062723c751e8b465ee728b)  -> (artifact id: '2dcdd51603786b60b040a7fea21097da') in 0.003109 seconds
  Import took 0.007439 seconds .

========================================================================
Received Import Request.
  Time since last request: 0.745144 seconds.
  path: Assets/Samples/OpenXR Plugin/1.1.1/Controller/Prefabs/PoseMarker.prefab
  artifactKey: Guid(759d6c64eadd0244eb752fb65642d6d2) Importer(815301076,1909f56bfc062723c751e8b465ee728b)
Start importing Assets/Samples/OpenXR Plugin/1.1.1/Controller/Prefabs/PoseMarker.prefab using Guid(759d6c64eadd0244eb752fb65642d6d2) Importer(815301076,1909f56bfc062723c751e8b465ee728b)  -> (artifact id: '2c30ea068c7a4cae83b357154d6f4e3b') in 0.016268 seconds
  Import took 0.020843 seconds .

========================================================================
Received Prepare
Registering precompiled user dll's ...
Registered in 0.009263 seconds.
Begin MonoManager ReloadAssembly
Native extension for WindowsStandalone target not found
Refreshing native plugins compatible for Editor in 0.85 ms, found 8 plugins.
Preloading 1 native plugins for Editor in 0.13 ms.
Invoked RoslynAnalysisRunner static constructor.
RoslynAnalysisRunner will not be running.
RoslynAnalysisRunner has terminated.
NullReferenceException: Object reference not set to an instance of an object
  at Unity.XR.Oculus.OculusLoader.AssetPathToAbsolutePath (System.String assetPath) [0x0004c] in C:\Users\Jakob\Documents\Unity\GitHub\Match3Connect_v2\Library\PackageCache\com.unity.xr.oculus@1.6.1\Runtime\OculusLoader.cs:242 
  at Unity.XR.Oculus.OculusLoader.EditorLoadOVRPlugin () [0x000b0] in C:\Users\Jakob\Documents\Unity\GitHub\Match3Connect_v2\Library\PackageCache\com.unity.xr.oculus@1.6.1\Runtime\OculusLoader.cs:227 

(Filename: Library/PackageCache/com.unity.xr.oculus@1.6.1/Runtime/OculusLoader.cs Line: 242)

Mono: successfully reloaded assembly
- Completed reload, in  1.292 seconds
Platform modules already initialized, skipping
Shader 'Universal Render Pipeline/Particles/Lit': fallback shader 'Universal Render Pipeline/Particles/SimpleLit' not found
Refreshing native plugins compatible for Editor in 0.87 ms, found 8 plugins.
Preloading 1 native plugins for Editor in 0.13 ms.
Unloading 2779 Unused Serialized files (Serialized files now loaded: 0)
System memory in use before: 186.4 MB.
System memory in use after: 186.6 MB.

Unloading 29 unused Assets to reduce memory usage. Loaded Objects now: 3440.
Total: 2.687900 ms (FindLiveObjects: 0.315200 ms CreateObjectMapping: 0.072600 ms MarkObjects: 2.258800 ms  DeleteObjects: 0.040400 ms)

========================================================================
Received Prepare
Registering precompiled user dll's ...
Registered in 0.009780 seconds.
Begin MonoManager ReloadAssembly
Native extension for WindowsStandalone target not found
Refreshing native plugins compatible for Editor in 0.93 ms, found 8 plugins.
Preloading 1 native plugins for Editor in 0.14 ms.
Invoked RoslynAnalysisRunner static constructor.
RoslynAnalysisRunner will not be running.
RoslynAnalysisRunner has terminated.
NullReferenceException: Object reference not set to an instance of an object
  at Unity.XR.Oculus.OculusLoader.AssetPathToAbsolutePath (System.String assetPath) [0x0004c] in C:\Users\Jakob\Documents\Unity\GitHub\Match3Connect_v2\Library\PackageCache\com.unity.xr.oculus@1.6.1\Runtime\OculusLoader.cs:242 
  at Unity.XR.Oculus.OculusLoader.EditorLoadOVRPlugin () [0x000b0] in C:\Users\Jakob\Documents\Unity\GitHub\Match3Connect_v2\Library\PackageCache\com.unity.xr.oculus@1.6.1\Runtime\OculusLoader.cs:227 

(Filename: Library/PackageCache/com.unity.xr.oculus@1.6.1/Runtime/OculusLoader.cs Line: 242)

Mono: successfully reloaded assembly
- Completed reload, in  1.271 seconds
Platform modules already initialized, skipping
Shader 'Universal Render Pipeline/Particles/Lit': fallback shader 'Universal Render Pipeline/Particles/SimpleLit' not found
Refreshing native plugins compatible for Editor in 0.88 ms, found 8 plugins.
Preloading 1 native plugins for Editor in 0.10 ms.
Unloading 2888 Unused Serialized files (Serialized files now loaded: 0)
System memory in use before: 145.7 MB.
System memory in use after: 145.9 MB.

Unloading 26 unused Assets to reduce memory usage. Loaded Objects now: 3554.
Total: 2.687800 ms (FindLiveObjects: 0.315800 ms CreateObjectMapping: 0.073900 ms MarkObjects: 2.269800 ms  DeleteObjects: 0.027000 ms)

========================================================================
Received Prepare
Registering precompiled user dll's ...
Registered in 0.012184 seconds.
Begin MonoManager ReloadAssembly
The file 'MemoryStream' is corrupted! Remove it and launch unity again!
[Position out of bounds!]

Fatal Error! The file 'MemoryStream' is corrupted! Remove it and launch unity again!
[Position out of bounds!]

Crash!!!
SymInit: Symbol-SearchPath: 'C:/Program Files/Unity/Hub/Editor/2020.2.2f1/Editor/Data/Mono;.;C:\Users\Jakob\Documents\Unity\GitHub\Match3Connect_v2;C:\Program Files\Unity\Hub\Editor\2020.2.2f1\Editor;C:\WINDOWS;C:\WINDOWS\system32;SRV*C:\websymbols*http://msdl.microsoft.com/download/symbols;', symOptions: 534, UserName: 'Jakob'
OS-Version: 10.0.0
C:\Program Files\Unity\Hub\Editor\2020.2.2f1\Editor\Unity.exe:Unity.exe (00007FF76FD90000), size: 134246400 (result: 0), SymType: '-deferred-', PDB: '', fileVersion: 2020.2.2.33144
C:\WINDOWS\SYSTEM32\ntdll.dll:ntdll.dll (00007FF872BB0000), size: 2052096 (result: 0), SymType: '-deferred-', PDB: '', fileVersion: 10.0.19041.1288
C:\WINDOWS\System32\KERNEL32.DLL:KERNEL32.DLL (00007FF871650000), size: 778240 (result: 0), SymType: '-deferred-', PDB: '', fileVersion: 10.0.19041.1348
C:\WINDOWS\System32\KERNELBASE.dll:KERNELBASE.dll (00007FF870630000), size: 2916352 (result: 0), SymType: '-deferred-', PDB: '', fileVersion: 10.0.19041.1387
C:\WINDOWS\System32\CRYPT32.dll:CRYPT32.dll (00007FF870420000), size: 1400832 (result: 0), SymType: '-deferred-', PDB: '', fileVersion: 10.0.19041.1320
C:\WINDOWS\System32\ucrtbase.dll:ucrtbase.dll (00007FF8709F0000), size: 1048576 (result: 0), SymType: '-deferred-', PDB: '', fileVersion: 10.0.19041.789
C:\WINDOWS\System32\USER32.dll:USER32.dll (00007FF870D00000), size: 1708032 (result: 0), SymType: '-deferred-', PDB: '', fileVersion: 10.0.19041.1202
C:\Program Files\Unity\Hub\Editor\2020.2.2f1\Editor\libfbxsdk.dll:libfbxsdk.dll (00007FFFD9620000), size: 8974336 (result: 0), SymType: '-deferred-', PDB: '', fileVersion: 2020.0.0.0
C:\Program Files\Unity\Hub\Editor\2020.2.2f1\Editor\OpenImageDenoise.dll:OpenImageDenoise.dll (00007FFFD6C50000), size: 43806720 (result: 0), SymType: '-deferred-', PDB: ''
C:\WINDOWS\System32\win32u.dll:win32u.dll (00007FF870AF0000), size: 139264 (result: 0), SymType: '-deferred-', PDB: '', fileVersion: 10.0.19041.1387
C:\Program Files\Unity\Hub\Editor\2020.2.2f1\Editor\optix.6.0.0.dll:optix.6.0.0.dll (00007FF86BED0000), size: 208896 (result: 0), SymType: '-deferred-', PDB: '', fileVersion: 6.0.0.0
C:\WINDOWS\System32\GDI32.dll:GDI32.dll (00007FF871620000), size: 176128 (result: 0), SymType: '-deferred-', PDB: '', fileVersion: 10.0.19041.1202
C:\WINDOWS\System32\gdi32full.dll:gdi32full.dll (00007FF8702C0000), size: 1101824 (result: 0), SymType: '-deferred-', PDB: '', fileVersion: 10.0.19041.1387
C:\WINDOWS\System32\msvcp_win.dll:msvcp_win.dll (00007FF870B50000), size: 643072 (result: 0), SymType: '-deferred-', PDB: '', fileVersion: 10.0.19041.789
C:\WINDOWS\System32\ADVAPI32.dll:ADVAPI32.dll (00007FF871050000), size: 704512 (result: 0), SymType: '-deferred-', PDB: '', fileVersion: 10.0.19041.1052
C:\Program Files\Unity\Hub\Editor\2020.2.2f1\Editor\umbraoptimizer64.dll:umbraoptimizer64.dll (00007FF83E1B0000), size: 1306624 (result: 0), SymType: '-deferred-', PDB: ''
C:\WINDOWS\System32\msvcrt.dll:msvcrt.dll (00007FF870C60000), size: 647168 (result: 0), SymType: '-deferred-', PDB: '', fileVersion: 7.0.19041.546
C:\Program Files\Unity\Hub\Editor\2020.2.2f1\Editor\FreeImage.dll:FreeImage.dll (0000000180000000), size: 6414336 (result: 0), SymType: '-deferred-', PDB: '', fileVersion: 3.18.0.0
C:\WINDOWS\System32\SHELL32.dll:SHELL32.dll (00007FF8719E0000), size: 7618560 (result: 0), SymType: '-deferred-', PDB: '', fileVersion: 10.0.19041.1387
C:\WINDOWS\System32\WS2_32.dll:WS2_32.dll (00007FF870FE0000), size: 438272 (result: 0), SymType: '-deferred-', PDB: '', fileVersion: 10.0.19041.546
C:\WINDOWS\System32\sechost.dll:sechost.dll (00007FF871100000), size: 634880 (result: 0), SymType: '-deferred-', PDB: '', fileVersion: 10.0.19041.1415
C:\WINDOWS\System32\RPCRT4.dll:RPCRT4.dll (00007FF872680000), size: 1220608 (result: 0), SymType: '-deferred-', PDB: '', fileVersion: 10.0.19041.1288
C:\WINDOWS\System32\SHLWAPI.dll:SHLWAPI.dll (00007FF870C00000), size: 348160 (result: 0), SymType: '-deferred-', PDB: '', fileVersion: 10.0.19041.1023
C:\WINDOWS\System32\WLDAP32.dll:WLDAP32.dll (00007FF870F80000), size: 352256 (result: 0), SymType: '-deferred-', PDB: '', fileVersion: 10.0.19041.546
C:\WINDOWS\System32\ole32.dll:ole32.dll (00007FF872550000), size: 1220608 (result: 0), SymType: '-deferred-', PDB: '', fileVersion: 10.0.19041.1202
C:\Program Files\Unity\Hub\Editor\2020.2.2f1\Editor\ispc_texcomp.dll:ispc_texcomp.dll (00007FF83DE80000), size: 1609728 (result: 0), SymType: '-deferred-', PDB: ''
C:\WINDOWS\System32\combase.dll:combase.dll (00007FF872810000), size: 3493888 (result: 0), SymType: '-deferred-', PDB: '', fileVersion: 10.0.19041.1348
C:\WINDOWS\System32\Normaliz.dll:Normaliz.dll (00007FF872130000), size: 32768 (result: 0), SymType: '-deferred-', PDB: '', fileVersion: 10.0.19041.546
C:\Program Files\Unity\Hub\Editor\2020.2.2f1\Editor\WinPixEventRuntime.dll:WinPixEventRuntime.dll (00007FF86DA80000), size: 45056 (result: 0), SymType: '-deferred-', PDB: '', fileVersion: 1.0.1812.6001
C:\WINDOWS\System32\IMM32.dll:IMM32.dll (00007FF872520000), size: 196608 (result: 0), SymType: '-deferred-', PDB: '', fileVersion: 10.0.19041.546
C:\WINDOWS\System32\SETUPAPI.dll:SETUPAPI.dll (00007FF8711A0000), size: 4661248 (result: 0), SymType: '-deferred-', PDB: '', fileVersion: 10.0.19041.1237
C:\Program Files\Unity\Hub\Editor\2020.2.2f1\Editor\tbb.dll:tbb.dll (00007FF85E880000), size: 413696 (result: 0), SymType: '-deferred-', PDB: '', fileVersion: 2017.0.2016.1004
C:\WINDOWS\System32\cfgmgr32.dll:cfgmgr32.dll (00007FF8703D0000), size: 319488 (result: 0), SymType: '-deferred-', PDB: '', fileVersion: 10.0.19041.1151
C:\WINDOWS\SYSTEM32\VCRUNTIME140.dll:VCRUNTIME140.dll (00007FF8599E0000), size: 110592 (result: 0), SymType: '-deferred-', PDB: '', fileVersion: 14.29.30135.0
C:\WINDOWS\System32\bcrypt.dll:bcrypt.dll (00007FF870B20000), size: 159744 (result: 0), SymType: '-deferred-', PDB: '', fileVersion: 10.0.19041.1023
C:\WINDOWS\SYSTEM32\OPENGL32.dll:OPENGL32.dll (00007FFFFC920000), size: 1200128 (result: 0), SymType: '-deferred-', PDB: '', fileVersion: 10.0.19041.1081
C:\WINDOWS\System32\OLEAUT32.dll:OLEAUT32.dll (00007FF870EB0000), size: 839680 (result: 0), SymType: '-deferred-', PDB: '', fileVersion: 10.0.19041.985
C:\WINDOWS\SYSTEM32\GLU32.dll:GLU32.dll (00007FFFFC8F0000), size: 180224 (result: 0), SymType: '-deferred-', PDB: '', fileVersion: 10.0.19041.1081
C:\WINDOWS\SYSTEM32\IPHLPAPI.DLL:IPHLPAPI.DLL (00007FF86F710000), size: 241664 (result: 0), SymType: '-deferred-', PDB: '', fileVersion: 10.0.19041.546
C:\WINDOWS\System32\WINTRUST.dll:WINTRUST.dll (00007FF870900000), size: 393216 (result: 0), SymType: '-deferred-', PDB: '', fileVersion: 10.0.19041.1266
C:\WINDOWS\SYSTEM32\MSVCP140.dll:MSVCP140.dll (00007FF859A00000), size: 577536 (result: 0), SymType: '-deferred-', PDB: '', fileVersion: 14.29.30135.0
C:\WINDOWS\SYSTEM32\MSVCR120.dll:MSVCR120.dll (00007FF85C4F0000), size: 978944 (result: 0), SymType: '-deferred-', PDB: '', fileVersion: 12.0.40660.0
C:\WINDOWS\SYSTEM32\MSVCP120.dll:MSVCP120.dll (00007FF85BAC0000), size: 679936 (result: 0), SymType: '-deferred-', PDB: '', fileVersion: 12.0.40660.0
C:\WINDOWS\SYSTEM32\CRYPTBASE.DLL:CRYPTBASE.DLL (00007FF86FC60000), size: 49152 (result: 0), SymType: '-deferred-', PDB: '', fileVersion: 10.0.19041.546
C:\WINDOWS\SYSTEM32\WINHTTP.dll:WINHTTP.dll (00007FF865EA0000), size: 1097728 (result: 0), SymType: '-deferred-', PDB: '', fileVersion: 10.0.19041.1320
C:\WINDOWS\SYSTEM32\HID.DLL:HID.DLL (00007FF86EB70000), size: 53248 (result: 0), SymType: '-deferred-', PDB: '', fileVersion: 10.0.19041.546
C:\WINDOWS\SYSTEM32\WINMM.dll:WINMM.dll (00007FF8661D0000), size: 159744 (result: 0), SymType: '-deferred-', PDB: '', fileVersion: 10.0.19041.546
C:\Program Files\Unity\Hub\Editor\2020.2.2f1\Editor\RadeonImageFilters.dll:RadeonImageFilters.dll (00007FFFFDAE0000), size: 2535424 (result: 0), SymType: '-deferred-', PDB: '', fileVersion: 1.5.1.0
C:\Program Files\Unity\Hub\Editor\2020.2.2f1\Editor\SketchUpAPI.dll:SketchUpAPI.dll (00007FFFD63C0000), size: 8978432 (result: 0), SymType: '-deferred-', PDB: '', fileVersion: 19.0.753.0
C:\WINDOWS\SYSTEM32\VERSION.dll:VERSION.dll (00007FF868850000), size: 40960 (result: 0), SymType: '-deferred-', PDB: '', fileVersion: 10.0.19041.546
C:\WINDOWS\SYSTEM32\VCRUNTIME140_1.dll:VCRUNTIME140_1.dll (00007FF8599D0000), size: 49152 (result: 0), SymType: '-deferred-', PDB: '', fileVersion: 14.29.30135.0
C:\WINDOWS\SYSTEM32\WSOCK32.dll:WSOCK32.dll (00007FF86DA30000), size: 36864 (result: 0), SymType: '-deferred-', PDB: '', fileVersion: 10.0.19041.1
C:\Program Files\Unity\Hub\Editor\2020.2.2f1\Editor\SketchUpCommonPreferences.dll:SketchUpCommonPreferences.dll (00007FF84D390000), size: 483328 (result: 0), SymType: '-deferred-', PDB: '', fileVersion: 19.0.753.20342
C:\WINDOWS\SYSTEM32\Secur32.dll:Secur32.dll (00007FF859520000), size: 49152 (result: 0), SymType: '-deferred-', PDB: '', fileVersion: 10.0.19041.546
C:\WINDOWS\SYSTEM32\SSPICLI.DLL:SSPICLI.DLL (00007FF870180000), size: 200704 (result: 0), SymType: '-deferred-', PDB: '', fileVersion: 10.0.19041.1266
C:\Program Files\Unity\Hub\Editor\2020.2.2f1\Editor\OpenRL.dll:OpenRL.dll (0000016F1B820000), size: 12779520 (result: 0), SymType: '-deferred-', PDB: '', fileVersion: 1.5.100.0
C:\WINDOWS\SYSTEM32\MSVCR100.dll:MSVCR100.dll (00000000687D0000), size: 860160 (result: 0), SymType: '-deferred-', PDB: '', fileVersion: 10.0.40219.325
C:\WINDOWS\SYSTEM32\MSVCP100.dll:MSVCP100.dll (0000000068730000), size: 622592 (result: 0), SymType: '-deferred-', PDB: '', fileVersion: 10.0.40219.325
C:\Program Files\Unity\Hub\Editor\2020.2.2f1\Editor\embree.dll:embree.dll (00007FFFD53D0000), size: 16711680 (result: 0), SymType: '-deferred-', PDB: '', fileVersion: 2.14.0.0
C:\WINDOWS\SYSTEM32\MSWSOCK.DLL:MSWSOCK.DLL (00007FF86FA70000), size: 434176 (result: 0), SymType: '-deferred-', PDB: '', fileVersion: 10.0.19041.546
C:\Program Files\Unity\Hub\Editor\2020.2.2f1\Editor\OpenRL_pthread.dll:OpenRL_pthread.dll (0000016F1B750000), size: 61440 (result: 0), SymType: '-deferred-', PDB: '', fileVersion: 2.9.0.0
C:\WINDOWS\SYSTEM32\MSASN1.dll:MSASN1.dll (00007FF86FEA0000), size: 73728 (result: 0), SymType: '-deferred-', PDB: '', fileVersion: 10.0.19041.546
C:\WINDOWS\SYSTEM32\kernel.appcore.dll:kernel.appcore.dll (00007FF86E1D0000), size: 73728 (result: 0), SymType: '-deferred-', PDB: '', fileVersion: 10.0.19041.546
C:\WINDOWS\System32\bcryptPrimitives.dll:bcryptPrimitives.dll (00007FF870960000), size: 532480 (result: 0), SymType: '-deferred-', PDB: '', fileVersion: 10.0.19041.1415
C:\WINDOWS\system32\uxtheme.dll:uxtheme.dll (00007FF86DCF0000), size: 647168 (result: 0), SymType: '-deferred-', PDB: '', fileVersion: 10.0.19041.1266
C:\WINDOWS\System32\shcore.dll:shcore.dll (00007FF872380000), size: 708608 (result: 0), SymType: '-deferred-', PDB: '', fileVersion: 10.0.19041.1387
C:\WINDOWS\SYSTEM32\windows.storage.dll:windows.storage.dll (00007FF86E3D0000), size: 7946240 (result: 0), SymType: '-deferred-', PDB: '', fileVersion: 10.0.19041.1387
C:\WINDOWS\SYSTEM32\Wldp.dll:Wldp.dll (00007FF86FD10000), size: 188416 (result: 0), SymType: '-deferred-', PDB: '', fileVersion: 10.0.19041.1320
C:\WINDOWS\SYSTEM32\profapi.dll:profapi.dll (00007FF870200000), size: 126976 (result: 0), SymType: '-deferred-', PDB: '', fileVersion: 10.0.19041.844
C:\WINDOWS\System32\clbcatq.dll:clbcatq.dll (00007FF8722D0000), size: 692224 (result: 0), SymType: '-deferred-', PDB: '', fileVersion: 2001.12.10941.16384
C:\WINDOWS\System32\netprofm.dll:netprofm.dll (00007FF86BA00000), size: 253952 (result: 0), SymType: '-deferred-', PDB: '', fileVersion: 10.0.19041.906
C:\WINDOWS\System32\npmproxy.dll:npmproxy.dll (00007FF864440000), size: 65536 (result: 0), SymType: '-deferred-', PDB: '', fileVersion: 10.0.19041.906
C:\WINDOWS\System32\NSI.dll:NSI.dll (00007FF870BF0000), size: 32768 (result: 0), SymType: '-deferred-', PDB: '', fileVersion: 10.0.19041.610
C:\WINDOWS\SYSTEM32\dhcpcsvc6.DLL:dhcpcsvc6.DLL (00007FF868CC0000), size: 94208 (result: 0), SymType: '-deferred-', PDB: '', fileVersion: 10.0.19041.546
C:\WINDOWS\SYSTEM32\dhcpcsvc.DLL:dhcpcsvc.DLL (00007FF869AB0000), size: 118784 (result: 0), SymType: '-deferred-', PDB: '', fileVersion: 10.0.19041.546
C:\WINDOWS\SYSTEM32\DNSAPI.dll:DNSAPI.dll (00007FF86F760000), size: 831488 (result: 0), SymType: '-deferred-', PDB: '', fileVersion: 10.0.19041.1320
C:\WINDOWS\System32\fwpuclnt.dll:fwpuclnt.dll (00007FF864280000), size: 520192 (result: 0), SymType: '-deferred-', PDB: '', fileVersion: 10.0.19041.1348
C:\Windows\System32\rasadhlp.dll:rasadhlp.dll (00007FF863530000), size: 40960 (result: 0), SymType: '-deferred-', PDB: '', fileVersion: 10.0.19041.546
C:\Users\Jakob\Documents\Unity\GitHub\Match3Connect_v2\Library\PackageCache\com.unity.xr.oculus@1.6.1\Runtime\x64\AudioPluginOculusSpatializer.dll:AudioPluginOculusSpatializer.dll (00007FFFBA660000), size: 9084928 (result: 0), SymType: '-deferred-', PDB: ''
C:\WINDOWS\SYSTEM32\d3d11.dll:d3d11.dll (00007FF86C450000), size: 2506752 (result: 0), SymType: '-deferred-', PDB: '', fileVersion: 10.0.19041.1202
C:\WINDOWS\SYSTEM32\dxgi.dll:dxgi.dll (00007FF86EBB0000), size: 999424 (result: 0), SymType: '-deferred-', PDB: '', fileVersion: 10.0.19041.1266
C:\WINDOWS\System32\DriverStore\FileRepository\nv_dispi.inf_amd64_0bc9105c62ca22fb\nvldumdx.dll:nvldumdx.dll (00007FF866E60000), size: 1073152 (result: 0), SymType: '-deferred-', PDB: '', fileVersion: 30.0.14.9729
C:\WINDOWS\SYSTEM32\cryptnet.dll:cryptnet.dll (00007FF866F70000), size: 200704 (result: 0), SymType: '-deferred-', PDB: '', fileVersion: 10.0.19041.906
C:\WINDOWS\SYSTEM32\drvstore.dll:drvstore.dll (00007FF866D10000), size: 1351680 (result: 0), SymType: '-deferred-', PDB: '', fileVersion: 10.0.19041.1320
C:\WINDOWS\SYSTEM32\devobj.dll:devobj.dll (00007FF870060000), size: 212992 (result: 0), SymType: '-deferred-', PDB: '', fileVersion: 10.0.19041.1151
C:\WINDOWS\System32\imagehlp.dll:imagehlp.dll (00007FF8722B0000), size: 118784 (result: 0), SymType: '-deferred-', PDB: '', fileVersion: 10.0.19041.1415
C:\WINDOWS\SYSTEM32\CRYPTSP.dll:CRYPTSP.dll (00007FF86FC70000), size: 98304 (result: 0), SymType: '-deferred-', PDB: '', fileVersion: 10.0.19041.546
C:\WINDOWS\system32\rsaenh.dll:rsaenh.dll (00007FF86F380000), size: 212992 (result: 0), SymType: '-deferred-', PDB: '', fileVersion: 10.0.19041.1052
C:\WINDOWS\System32\DriverStore\FileRepository\nv_dispi.inf_amd64_0bc9105c62ca22fb\nvwgf2umx.dll:nvwgf2umx.dll (00007FF8316C0000), size: 43167744 (result: 0), SymType: '-deferred-', PDB: '', fileVersion: 30.0.14.9729
C:\WINDOWS\system32\nvspcap64.dll:nvspcap64.dll (00007FFFF9660000), size: 2904064 (result: 0), SymType: '-deferred-', PDB: '', fileVersion: 3.24.0.126
C:\WINDOWS\SYSTEM32\ntmarta.dll:ntmarta.dll (00007FF86EFB0000), size: 208896 (result: 0), SymType: '-deferred-', PDB: '', fileVersion: 10.0.19041.546
C:\WINDOWS\SYSTEM32\dxcore.dll:dxcore.dll (00007FF86AD00000), size: 241664 (result: 0), SymType: '-deferred-', PDB: '', fileVersion: 10.0.19041.546
C:\WINDOWS\system32\wbem\wbemprox.dll:wbemprox.dll (00007FF865BF0000), size: 69632 (result: 0), SymType: '-deferred-', PDB: '', fileVersion: 10.0.19041.1320
C:\WINDOWS\SYSTEM32\wbemcomn.dll:wbemcomn.dll (00007FF865B50000), size: 598016 (result: 0), SymType: '-deferred-', PDB: '', fileVersion: 10.0.19041.1081
C:\WINDOWS\system32\wbem\wbemsvc.dll:wbemsvc.dll (00007FF865AA0000), size: 81920 (result: 0), SymType: '-deferred-', PDB: '', fileVersion: 10.0.19041.1320
C:\WINDOWS\system32\wbem\fastprox.dll:fastprox.dll (00007FF85F7B0000), size: 1093632 (result: 0), SymType: '-deferred-', PDB: '', fileVersion: 10.0.19041.546
C:\WINDOWS\SYSTEM32\amsi.dll:amsi.dll (00007FF858D80000), size: 102400 (result: 0), SymType: '-deferred-', PDB: '', fileVersion: 10.0.19041.746
C:\WINDOWS\SYSTEM32\USERENV.dll:USERENV.dll (00007FF8701C0000), size: 188416 (result: 0), SymType: '-deferred-', PDB: '', fileVersion: 10.0.19041.572
C:\ProgramData\Microsoft\Windows Defender\Platform\4.18.2111.5-0\MpOav.dll:MpOav.dll (00007FF856C90000), size: 499712 (result: 0), SymType: '-deferred-', PDB: '', fileVersion: 4.18.2111.5
C:\Program Files\Unity\Hub\Editor\2020.2.2f1\Editor\cudart64_90.dll:cudart64_90.dll (00007FFFD3160000), size: 397312 (result: 0), SymType: '-deferred-', PDB: '', fileVersion: 6.14.11.9000
C:\WINDOWS\SYSTEM32\opencl.dll:opencl.dll (00007FFFD2FF0000), size: 1474560 (result: 0), SymType: '-deferred-', PDB: '', fileVersion: 3.0.1.0
C:\Program Files\Unity\Hub\Editor\2020.2.2f1\Editor\radeonrays.dll:radeonrays.dll (00007FFFD2F60000), size: 552960 (result: 0), SymType: '-deferred-', PDB: ''
C:\Program Files\Unity\Hub\Editor\2020.2.2f1\Editor\Data\MonoBleedingEdge\EmbedRuntime\mono-2.0-bdwgc.dll:mono-2.0-bdwgc.dll (00007FFFD1AE0000), size: 7790592 (result: 0), SymType: '-deferred-', PDB: ''
C:\WINDOWS\System32\PSAPI.DLL:PSAPI.DLL (00007FF872510000), size: 32768 (result: 0), SymType: '-deferred-', PDB: '', fileVersion: 10.0.19041.546
C:\ProgramData\Microsoft\VisualStudio\Setup\x64\Microsoft.VisualStudio.Setup.Configuration.Native.dll:Microsoft.VisualStudio.Setup.Configuration.Native.dll (00007FFFD2F10000), size: 327680 (result: 0), SymType: '-deferred-', PDB: '', fileVersion: 2.11.47.9733
C:\WINDOWS\SYSTEM32\PROPSYS.dll:PROPSYS.dll (00007FF86BB10000), size: 1007616 (result: 0), SymType: '-deferred-', PDB: '', fileVersion: 7.0.19041.1023
C:\WINDOWS\WinSxS\amd64_microsoft.windows.common-controls_6595b64144ccf1df_6.0.19041.1110_none_60b5254171f9507e\comctl32.dll:comctl32.dll (00007FF85F360000), size: 2727936 (result: 0), SymType: '-deferred-', PDB: '', fileVersion: 6.10.19041.1110
C:\WINDOWS\SYSTEM32\WindowsCodecs.dll:WindowsCodecs.dll (00007FF8694B0000), size: 1785856 (result: 0), SymType: '-deferred-', PDB: '', fileVersion: 10.0.19041.1151
C:\Windows\System32\thumbcache.dll:thumbcache.dll (00007FF84B4A0000), size: 417792 (result: 0), SymType: '-deferred-', PDB: '', fileVersion: 10.0.19041.1151
C:\WINDOWS\SYSTEM32\policymanager.dll:policymanager.dll (00007FF86A9A0000), size: 655360 (result: 0), SymType: '-deferred-', PDB: '', fileVersion: 10.0.19041.1387
C:\WINDOWS\SYSTEM32\msvcp110_win.dll:msvcp110_win.dll (00007FF86F410000), size: 565248 (result: 0), SymType: '-deferred-', PDB: '', fileVersion: 10.0.19041.546
C:\Windows\System32\MrmCoreR.dll:MrmCoreR.dll (00007FF85D810000), size: 1003520 (result: 0), SymType: '-deferred-', PDB: '', fileVersion: 10.0.19041.1266
C:\Windows\System32\iertutil.dll:iertutil.dll (00007FF85D440000), size: 2818048 (result: 0), SymType: '-deferred-', PDB: '', fileVersion: 11.0.19041.1266
C:\WINDOWS\SYSTEM32\windows.staterepositorycore.dll:windows.staterepositorycore.dll (00007FF865AC0000), size: 69632 (result: 0), SymType: '-deferred-', PDB: '', fileVersion: 10.0.19041.844
C:\Windows\System32\bcp47mrm.dll:bcp47mrm.dll (00007FF851540000), size: 184320 (result: 0), SymType: '-deferred-', PDB: '', fileVersion: 10.0.19041.1266
C:\Windows\System32\Windows.UI.dll:Windows.UI.dll (00007FF851660000), size: 1314816 (result: 0), SymType: '-deferred-', PDB: '', fileVersion: 10.0.19041.746
C:\Windows\System32\WindowManagementAPI.dll:WindowManagementAPI.dll (00007FF86A210000), size: 659456 (result: 0), SymType: '-deferred-', PDB: ''
C:\Windows\System32\TextInputFramework.dll:TextInputFramework.dll (00007FF854190000), size: 1019904 (result: 0), SymType: '-deferred-', PDB: '', fileVersion: 10.0.19041.1387
C:\WINDOWS\SYSTEM32\wintypes.dll:wintypes.dll (00007FF86CDC0000), size: 1392640 (result: 0), SymType: '-deferred-', PDB: '', fileVersion: 10.0.19041.1348
C:\Windows\System32\InputHost.dll:InputHost.dll (00007FF851FE0000), size: 1384448 (result: 0), SymType: '-deferred-', PDB: '', fileVersion: 10.0.19041.906
C:\Windows\System32\CoreMessaging.dll:CoreMessaging.dll (00007FF86D7F0000), size: 991232 (result: 0), SymType: '-deferred-', PDB: '', fileVersion: 10.0.19041.746
C:\WINDOWS\SYSTEM32\twinapi.appcore.dll:twinapi.appcore.dll (00007FF869DB0000), size: 2101248 (result: 0), SymType: '-deferred-', PDB: '', fileVersion: 10.0.19041.964
C:\Windows\System32\CoreUIComponents.dll:CoreUIComponents.dll (00007FF86D490000), size: 3530752 (result: 0), SymType: '-deferred-', PDB: '', fileVersion: 10.0.19041.546
C:\WINDOWS\WinSxS\amd64_microsoft.windows.gdiplus_6595b64144ccf1df_1.1.19041.1348_none_91a2627ccc89e3fb\gdiplus.dll:gdiplus.dll (00007FF85F600000), size: 1740800 (result: 0), SymType: '-deferred-', PDB: '', fileVersion: 10.0.19041.1348
C:\WINDOWS\System32\MSCTF.dll:MSCTF.dll (00007FF871710000), size: 1134592 (result: 0), SymType: '-deferred-', PDB: '', fileVersion: 10.0.19041.1387
C:\WINDOWS\SYSTEM32\edputil.dll:edputil.dll (00007FF84B420000), size: 147456 (result: 0), SymType: '-deferred-', PDB: '', fileVersion: 10.0.19041.546
C:\Windows\System32\Windows.StateRepositoryPS.dll:Windows.StateRepositoryPS.dll (00007FF85DCE0000), size: 1335296 (result: 0), SymType: '-deferred-', PDB: '', fileVersion: 10.0.19041.844
C:\WINDOWS\SYSTEM32\dbghelp.dll:dbghelp.dll (00007FF864470000), size: 1982464 (result: 0), SymType: '-deferred-', PDB: '', fileVersion: 10.0.19041.867

========== OUTPUTTING STACK TRACE ==================

0x00007FF870664F69 (KERNELBASE) RaiseException
0x00007FF77248FB1D (Unity) EditorMonoConsole::LogToConsoleImplementation
0x00007FF772490A6A (Unity) EditorMonoConsole::LogToConsoleImplementation
0x00007FF77402BE2E (Unity) DebugStringToFilePostprocessedStacktrace
0x00007FF77402B3DF (Unity) DebugStringToFile
0x00007FF77129B22E (Unity) CachedReader::OutOfBoundsError
0x00007FF77129F774 (Unity) CachedReader::UpdateReadCache
0x00007FF77018E5B6 (Unity) ExecuteSerializationCommands<ConfigSettingsRead>
0x00007FF7713F6253 (Unity) TransferScriptingObject<StreamedBinaryRead,0>
0x00007FF771411DDC (Unity) SerializableManagedRefTransfer::TransferBinaryInstanceOnly
0x00007FF7713F1938 (Unity) SerializableManagedRefTransfer::RestoreBackupImpl<SerializableManagedRefBackupGenerator>
0x00007FF7713F17DB (Unity) SerializableManagedRefTransfer::RestoreBackup<SerializableManagedRefBackupGenerator>
0x00007FF771974ECD (Unity) SerializableManagedRefsUtilities::RestoreBackups
0x00007FF7718B9100 (Unity) MonoManager::EndReloadAssembly
0x00007FF7718BFFE9 (Unity) MonoManager::ReloadAssembly
0x00007FF772C5A2A1 (Unity) LoadDomainAndUserAssemblies
0x00007FF772C5A74E (Unity) LoadUserAssemblies
0x00007FF7730839E9 (Unity) <lambda_fe9441f73272b7bdb4fc543a788e7929>::operator()
0x00007FF77314DD82 (Unity) asio::detail::completion_handler<core::mutable_function<void __cdecl(void)> >::do_complete
0x00007FF77314FEE0 (Unity) asio::detail::win_iocp_io_service::do_one
0x00007FF77315366E (Unity) asio::io_service::run
0x00007FF7730C9BA0 (Unity) RunAssetImportWorkerClientV2
0x00007FF7730C9BF0 (Unity) RunAssetImporterV2
0x00007FF7725E7EE6 (Unity) Application::InitializeProject
0x00007FF772F5D0B2 (Unity) WinMain
0x00007FF774DC0C66 (Unity) __scrt_common_main_seh
0x00007FF871667034 (KERNEL32) BaseThreadInitThunk
0x00007FF872C02651 (ntdll) RtlUserThreadStart

========== END OF STACKTRACE ===========

A crash has been intercepted by the crash handler. For call stack and other details, see the latest crash report generated in:
 * C:/Users/Jakob/AppData/Local/Temp/Unity/Editor/Crashes
